<?xml version="1.0" encoding="UTF-8"?>
<!-- Generated by org.testng.reporters.JUnitXMLReporter -->
<testsuite ignored="0" hostname="DESKTOP-OEOAVAG" failures="1" tests="5" name="Test" time="40.525" errors="0" timestamp="2025-01-08T23:36:00 IST">
  <testcase classname="testCases.TC_003_Login_DDT" name="verifyLoginDDT" time="3.176"/>
  <testcase classname="testCases.TC_003_Login_DDT" name="verifyLoginDDT" time="2.475"/>
  <testcase classname="testCases.TC_003_Login_DDT" name="verifyLoginDDT" time="1.774"/>
  <testcase classname="testCases.TC_003_Login_DDT" name="verifyLoginDDT" time="1.655"/>
  <testcase classname="testCases.TC_003_Login_DDT" name="verifyLoginDDT" time="2.13">
    <failure type="java.lang.AssertionError" message="expected [true] but found [false]">
      <![CDATA[java.lang.AssertionError: expected [true] but found [false]
at testCases.TC_003_Login_DDT.verifyLoginDDT(TC_003_Login_DDT.java:50)
at java.base/java.util.ArrayList.forEach(ArrayList.java:1511)
... Removed 31 stack frames]]>
    </failure>
  </testcase> <!-- verifyLoginDDT -->
</testsuite> <!-- Test -->
